2014-05-25 00:28:15,803 INFO [121404226@qtp-317381213-0][cc.luole.sns.dal.dao.util.CacheHelper:94] - Warn : The cache for region get_books_page cann't found
2014-05-25 00:28:15,824 WARN [121404226@qtp-317381213-0][DalPerformance:480] - method: count region: get_books_page params: 0- time: 17
2014-05-25 00:28:15,831 INFO [121404226@qtp-317381213-0][cc.luole.sns.dal.dao.util.CacheHelper:94] - Warn : The cache for region get_books_page cann't found
2014-05-25 00:28:15,842 INFO [121404226@qtp-317381213-0][cc.luole.sns.dal.dao.util.CacheHelper:94] - Warn : The cache for region com.yswsoft.lms.core.model.Books cann't found
2014-05-25 00:28:15,867 WARN [121404226@qtp-317381213-0][DalPerformance:1006] - method: getList region: com.yswsoft.lms.core.model.Books size: 6 time: 25
2014-05-25 00:28:26,084 INFO [592808705@qtp-317381213-9][cc.luole.sns.dal.dao.util.CacheHelper:94] - Warn : The cache for region com.yswsoft.lms.core.model.Books cann't found
2014-05-25 00:56:10,338 INFO [1162959901@qtp-317381213-10][cc.luole.sns.dal.dao.util.CacheHelper:94] - Warn : The cache for region get_books_page cann't found
2014-05-25 00:56:10,341 INFO [1162959901@qtp-317381213-10][cc.luole.sns.dal.dao.util.CacheHelper:94] - Warn : The cache for region get_books_page cann't found
2014-05-25 00:56:10,343 INFO [1162959901@qtp-317381213-10][cc.luole.sns.dal.dao.util.CacheHelper:94] - Warn : The cache for region com.yswsoft.lms.core.model.Books cann't found
2014-05-25 00:57:07,250 INFO [1162959901@qtp-317381213-10][cc.luole.sns.dal.dao.util.CacheHelper:94] - Warn : The cache for region get_books_page cann't found
2014-05-25 00:57:07,254 INFO [1162959901@qtp-317381213-10][cc.luole.sns.dal.dao.util.CacheHelper:94] - Warn : The cache for region get_books_page cann't found
2014-05-25 00:57:07,257 INFO [1162959901@qtp-317381213-10][cc.luole.sns.dal.dao.util.CacheHelper:94] - Warn : The cache for region com.yswsoft.lms.core.model.Books cann't found
2014-05-25 01:03:48,680 INFO [51906928@qtp-317381213-14][cc.luole.sns.dal.dao.util.CacheHelper:94] - Warn : The cache for region get_books_page cann't found
2014-05-25 01:03:48,718 WARN [51906928@qtp-317381213-14][DalPerformance:480] - method: count region: get_books_page params: 0- time: 37
2014-05-25 01:03:48,719 INFO [51906928@qtp-317381213-14][cc.luole.sns.dal.dao.util.CacheHelper:94] - Warn : The cache for region get_books_page cann't found
2014-05-25 01:03:48,738 WARN [51906928@qtp-317381213-14][DalPerformance:568] - method: getIdList region: get_books_page params: 0- time: 19 start :0 count :10
 sql: select id from lms_sys_books where status= ?
2014-05-25 01:03:48,739 INFO [51906928@qtp-317381213-14][cc.luole.sns.dal.dao.util.CacheHelper:94] - Warn : The cache for region com.yswsoft.lms.core.model.Books cann't found
2014-05-25 01:04:15,877 INFO [2100712745@qtp-317381213-22][cc.luole.sns.dal.dao.util.CacheHelper:94] - Warn : The cache for region get_books_page cann't found
2014-05-25 01:04:15,879 INFO [2100712745@qtp-317381213-22][cc.luole.sns.dal.dao.util.CacheHelper:94] - Warn : The cache for region get_books_page cann't found
2014-05-25 01:04:15,882 INFO [2100712745@qtp-317381213-22][cc.luole.sns.dal.dao.util.CacheHelper:94] - Warn : The cache for region com.yswsoft.lms.core.model.Books cann't found
2014-05-25 01:10:13,684 INFO [main][org.springframework.web.context.ContextLoader:187] - Root WebApplicationContext: initialization started
2014-05-25 01:10:13,790 INFO [main][org.springframework.web.context.support.XmlWebApplicationContext:456] - Refreshing Root WebApplicationContext: startup date [Sun May 25 01:10:13 CST 2014]; root of context hierarchy
2014-05-25 01:10:13,862 INFO [main][org.springframework.beans.factory.xml.XmlBeanDefinitionReader:315] - Loading XML bean definitions from ServletContext resource [/WEB-INF/mvc-config.xml]
2014-05-25 01:10:15,030 INFO [main][org.springframework.beans.factory.support.DefaultListableBeanFactory:555] - Pre-instantiating singletons in org.springframework.beans.factory.support.DefaultListableBeanFactory@75af6511: defining beans [dao,adminController,baseController,booksController,adminUsrService,booksService,org.springframework.context.annotation.internalConfigurationAnnotationProcessor,org.springframework.context.annotation.internalAutowiredAnnotationProcessor,org.springframework.context.annotation.internalRequiredAnnotationProcessor,org.springframework.context.annotation.internalCommonAnnotationProcessor,org.springframework.context.annotation.internalPersistenceAnnotationProcessor,org.springframework.web.servlet.mvc.annotation.DefaultAnnotationHandlerMapping#0,org.springframework.format.support.FormattingConversionServiceFactoryBean#0,org.springframework.web.servlet.mvc.annotation.AnnotationMethodHandlerAdapter#0,org.springframework.web.servlet.handler.MappedInterceptor#0,org.springframework.web.servlet.mvc.HttpRequestHandlerAdapter,org.springframework.web.servlet.resource.DefaultServletHttpRequestHandler#0,org.springframework.web.servlet.handler.SimpleUrlHandlerMapping#0,org.springframework.web.servlet.view.InternalResourceViewResolver#0]; root of factory hierarchy
2014-05-25 01:10:15,502 INFO [main][cc.luole.sns.dal.config.model.dao.ListItem:203] - keyProperty is null
2014-05-25 01:10:15,504 INFO [main][cc.luole.sns.dal.config.model.dao.ListItem:203] - keyProperty is null
2014-05-25 01:10:15,532 ERROR [main][cc.luole.sns.dal.config.DaoConfig:370] - Class com.yswsoft.lms.core.model.AdminUsr method get  don't fond!
2014-05-25 01:10:15,543 INFO [main][cc.luole.sns.dal.config.DaoConfig:260] - MapItem[columnName = id keyMethod = [public java.lang.Long com.yswsoft.lms.core.model.AdminUsr.getId()] keyProperty = id name = get_adminusr_by_email objectName = com.yswsoft.lms.core.model.AdminUsr sqlcountitem = null sqlitem = select id from lms_sys_user where login_email= ?  sqlType = hsql update = false valueMethod = public java.lang.Long com.yswsoft.lms.core.model.AdminUsr.getId() valueProperty = id]
2014-05-25 01:10:15,545 ERROR [main][cc.luole.sns.dal.config.DaoConfig:370] - Class com.yswsoft.lms.core.model.Books method get  don't fond!
2014-05-25 01:10:15,546 INFO [main][cc.luole.sns.dal.config.DaoConfig:236] - ListItem[columnName = id keyMethod = [public java.lang.Long com.yswsoft.lms.core.model.Books.getId()] keyProperty = id name = get_books_page objectName = com.yswsoft.lms.core.model.Books sqlcountitem = null sqldelitem = null sqlitem = select id from lms_sys_books where status= ? update = false valueMethod = public java.lang.Long com.yswsoft.lms.core.model.Books.getId() valueProperty = id]
2014-05-25 01:10:15,547 INFO [main][cc.luole.sns.dal.config.DaoConfig:236] - ListItem[columnName = id keyMethod = [public java.lang.Long com.yswsoft.lms.core.model.Books.getId()] keyProperty = id name = get_books_list objectName = com.yswsoft.lms.core.model.Books sqlcountitem = null sqldelitem = null sqlitem = select id from lms_sys_books where status= ? update = false valueMethod = public java.lang.Long com.yswsoft.lms.core.model.Books.getId() valueProperty = id]
2014-05-25 01:10:15,548 INFO [main][cc.luole.sns.dal.config.DaoConfig:260] - MapItem[columnName = id keyMethod = [public java.lang.Long com.yswsoft.lms.core.model.Books.getId()] keyProperty = id name = get_books_by_type objectName = com.yswsoft.lms.core.model.Books sqlcountitem = null sqlitem = select id from lms_sys_books where type= ? and status= ? sqlType = hsql update = false valueMethod = public java.lang.Long com.yswsoft.lms.core.model.Books.getId() valueProperty = id]
2014-05-25 01:10:16,453 INFO [main][cc.luole.sns.dal.config.GroupConfig2:162] - g1 slave name don't set! please check group.xml file
2014-05-25 01:10:16,962 INFO [main][org.springframework.orm.hibernate3.annotation.AnnotationSessionFactoryBean:777] - Building new Hibernate SessionFactory
2014-05-25 01:10:19,319 INFO [main][org.springframework.web.servlet.mvc.annotation.DefaultAnnotationHandlerMapping:411] - Mapped URL path [/lms/admin/index] onto handler 'adminController'
2014-05-25 01:10:19,320 INFO [main][org.springframework.web.servlet.mvc.annotation.DefaultAnnotationHandlerMapping:411] - Mapped URL path [/lms/admin/index.*] onto handler 'adminController'
2014-05-25 01:10:19,321 INFO [main][org.springframework.web.servlet.mvc.annotation.DefaultAnnotationHandlerMapping:411] - Mapped URL path [/lms/admin/index/] onto handler 'adminController'
2014-05-25 01:10:19,323 INFO [main][org.springframework.web.servlet.mvc.annotation.DefaultAnnotationHandlerMapping:411] - Mapped URL path [/lms/admin/download] onto handler 'adminController'
2014-05-25 01:10:19,325 INFO [main][org.springframework.web.servlet.mvc.annotation.DefaultAnnotationHandlerMapping:411] - Mapped URL path [/lms/admin/download.*] onto handler 'adminController'
2014-05-25 01:10:19,326 INFO [main][org.springframework.web.servlet.mvc.annotation.DefaultAnnotationHandlerMapping:411] - Mapped URL path [/lms/admin/download/] onto handler 'adminController'
2014-05-25 01:10:19,327 INFO [main][org.springframework.web.servlet.mvc.annotation.DefaultAnnotationHandlerMapping:411] - Mapped URL path [/lms/admin/list] onto handler 'adminController'
2014-05-25 01:10:19,328 INFO [main][org.springframework.web.servlet.mvc.annotation.DefaultAnnotationHandlerMapping:411] - Mapped URL path [/lms/admin/list.*] onto handler 'adminController'
2014-05-25 01:10:19,330 INFO [main][org.springframework.web.servlet.mvc.annotation.DefaultAnnotationHandlerMapping:411] - Mapped URL path [/lms/admin/list/] onto handler 'adminController'
2014-05-25 01:10:19,331 INFO [main][org.springframework.web.servlet.mvc.annotation.DefaultAnnotationHandlerMapping:411] - Mapped URL path [/lms/admin/show] onto handler 'adminController'
2014-05-25 01:10:19,332 INFO [main][org.springframework.web.servlet.mvc.annotation.DefaultAnnotationHandlerMapping:411] - Mapped URL path [/lms/admin/show.*] onto handler 'adminController'
2014-05-25 01:10:19,333 INFO [main][org.springframework.web.servlet.mvc.annotation.DefaultAnnotationHandlerMapping:411] - Mapped URL path [/lms/admin/show/] onto handler 'adminController'
2014-05-25 01:10:19,335 INFO [main][org.springframework.web.servlet.mvc.annotation.DefaultAnnotationHandlerMapping:411] - Mapped URL path [/lms/admin/add/question] onto handler 'adminController'
2014-05-25 01:10:19,337 INFO [main][org.springframework.web.servlet.mvc.annotation.DefaultAnnotationHandlerMapping:411] - Mapped URL path [/lms/admin/add/question.*] onto handler 'adminController'
2014-05-25 01:10:19,338 INFO [main][org.springframework.web.servlet.mvc.annotation.DefaultAnnotationHandlerMapping:411] - Mapped URL path [/lms/admin/add/question/] onto handler 'adminController'
2014-05-25 01:10:19,339 INFO [main][org.springframework.web.servlet.mvc.annotation.DefaultAnnotationHandlerMapping:411] - Mapped URL path [/lms/admin/delete] onto handler 'adminController'
2014-05-25 01:10:19,340 INFO [main][org.springframework.web.servlet.mvc.annotation.DefaultAnnotationHandlerMapping:411] - Mapped URL path [/lms/admin/delete.*] onto handler 'adminController'
2014-05-25 01:10:19,341 INFO [main][org.springframework.web.servlet.mvc.annotation.DefaultAnnotationHandlerMapping:411] - Mapped URL path [/lms/admin/delete/] onto handler 'adminController'
2014-05-25 01:10:19,342 INFO [main][org.springframework.web.servlet.mvc.annotation.DefaultAnnotationHandlerMapping:411] - Mapped URL path [/lms/admin/login] onto handler 'adminController'
2014-05-25 01:10:19,343 INFO [main][org.springframework.web.servlet.mvc.annotation.DefaultAnnotationHandlerMapping:411] - Mapped URL path [/lms/admin/login.*] onto handler 'adminController'
2014-05-25 01:10:19,345 INFO [main][org.springframework.web.servlet.mvc.annotation.DefaultAnnotationHandlerMapping:411] - Mapped URL path [/lms/admin/login/] onto handler 'adminController'
2014-05-25 01:10:19,358 INFO [main][org.springframework.web.servlet.mvc.annotation.DefaultAnnotationHandlerMapping:411] - Mapped URL path [/lms/base/login] onto handler 'baseController'
2014-05-25 01:10:19,359 INFO [main][org.springframework.web.servlet.mvc.annotation.DefaultAnnotationHandlerMapping:411] - Mapped URL path [/lms/base/login.*] onto handler 'baseController'
2014-05-25 01:10:19,360 INFO [main][org.springframework.web.servlet.mvc.annotation.DefaultAnnotationHandlerMapping:411] - Mapped URL path [/lms/base/login/] onto handler 'baseController'
2014-05-25 01:10:19,372 INFO [main][org.springframework.web.servlet.mvc.annotation.DefaultAnnotationHandlerMapping:411] - Mapped URL path [/lms/books/add] onto handler 'booksController'
2014-05-25 01:10:19,373 INFO [main][org.springframework.web.servlet.mvc.annotation.DefaultAnnotationHandlerMapping:411] - Mapped URL path [/lms/books/add.*] onto handler 'booksController'
2014-05-25 01:10:19,374 INFO [main][org.springframework.web.servlet.mvc.annotation.DefaultAnnotationHandlerMapping:411] - Mapped URL path [/lms/books/add/] onto handler 'booksController'
2014-05-25 01:10:19,375 INFO [main][org.springframework.web.servlet.mvc.annotation.DefaultAnnotationHandlerMapping:411] - Mapped URL path [/lms/books/index] onto handler 'booksController'
2014-05-25 01:10:19,376 INFO [main][org.springframework.web.servlet.mvc.annotation.DefaultAnnotationHandlerMapping:411] - Mapped URL path [/lms/books/index.*] onto handler 'booksController'
2014-05-25 01:10:19,377 INFO [main][org.springframework.web.servlet.mvc.annotation.DefaultAnnotationHandlerMapping:411] - Mapped URL path [/lms/books/index/] onto handler 'booksController'
2014-05-25 01:10:19,377 INFO [main][org.springframework.web.servlet.mvc.annotation.DefaultAnnotationHandlerMapping:411] - Mapped URL path [/lms/books/mod] onto handler 'booksController'
2014-05-25 01:10:19,378 INFO [main][org.springframework.web.servlet.mvc.annotation.DefaultAnnotationHandlerMapping:411] - Mapped URL path [/lms/books/mod.*] onto handler 'booksController'
2014-05-25 01:10:19,379 INFO [main][org.springframework.web.servlet.mvc.annotation.DefaultAnnotationHandlerMapping:411] - Mapped URL path [/lms/books/mod/] onto handler 'booksController'
2014-05-25 01:10:19,380 INFO [main][org.springframework.web.servlet.mvc.annotation.DefaultAnnotationHandlerMapping:411] - Mapped URL path [/lms/books/detail] onto handler 'booksController'
2014-05-25 01:10:19,380 INFO [main][org.springframework.web.servlet.mvc.annotation.DefaultAnnotationHandlerMapping:411] - Mapped URL path [/lms/books/detail.*] onto handler 'booksController'
2014-05-25 01:10:19,381 INFO [main][org.springframework.web.servlet.mvc.annotation.DefaultAnnotationHandlerMapping:411] - Mapped URL path [/lms/books/detail/] onto handler 'booksController'
2014-05-25 01:10:19,382 INFO [main][org.springframework.web.servlet.mvc.annotation.DefaultAnnotationHandlerMapping:411] - Mapped URL path [/lms/books/del] onto handler 'booksController'
2014-05-25 01:10:19,383 INFO [main][org.springframework.web.servlet.mvc.annotation.DefaultAnnotationHandlerMapping:411] - Mapped URL path [/lms/books/del.*] onto handler 'booksController'
2014-05-25 01:10:19,384 INFO [main][org.springframework.web.servlet.mvc.annotation.DefaultAnnotationHandlerMapping:411] - Mapped URL path [/lms/books/del/] onto handler 'booksController'
2014-05-25 01:10:19,384 INFO [main][org.springframework.web.servlet.mvc.annotation.DefaultAnnotationHandlerMapping:411] - Mapped URL path [/lms/books/list] onto handler 'booksController'
2014-05-25 01:10:19,385 INFO [main][org.springframework.web.servlet.mvc.annotation.DefaultAnnotationHandlerMapping:411] - Mapped URL path [/lms/books/list.*] onto handler 'booksController'
2014-05-25 01:10:19,386 INFO [main][org.springframework.web.servlet.mvc.annotation.DefaultAnnotationHandlerMapping:411] - Mapped URL path [/lms/books/list/] onto handler 'booksController'
2014-05-25 01:10:19,387 INFO [main][org.springframework.web.servlet.mvc.annotation.DefaultAnnotationHandlerMapping:411] - Mapped URL path [/lms/books/login] onto handler 'booksController'
2014-05-25 01:10:19,387 INFO [main][org.springframework.web.servlet.mvc.annotation.DefaultAnnotationHandlerMapping:411] - Mapped URL path [/lms/books/login.*] onto handler 'booksController'
2014-05-25 01:10:19,388 INFO [main][org.springframework.web.servlet.mvc.annotation.DefaultAnnotationHandlerMapping:411] - Mapped URL path [/lms/books/login/] onto handler 'booksController'
2014-05-25 01:10:21,575 INFO [main][org.springframework.web.servlet.handler.SimpleUrlHandlerMapping:411] - Mapped URL path [/**] onto handler 'org.springframework.web.servlet.resource.DefaultServletHttpRequestHandler#0'
2014-05-25 01:10:21,631 INFO [main][org.springframework.web.context.ContextLoader:214] - Root WebApplicationContext: initialization completed in 7942 ms
2014-05-25 01:10:21,756 INFO [main][org.springframework.web.servlet.DispatcherServlet:301] - FrameworkServlet 'lms': initialization started
2014-05-25 01:10:21,759 INFO [main][org.springframework.web.context.support.XmlWebApplicationContext:456] - Refreshing WebApplicationContext for namespace 'lms-servlet': startup date [Sun May 25 01:10:21 CST 2014]; parent: Root WebApplicationContext
2014-05-25 01:10:21,762 INFO [main][org.springframework.beans.factory.xml.XmlBeanDefinitionReader:315] - Loading XML bean definitions from ServletContext resource [/WEB-INF/mvc-config.xml]
2014-05-25 01:10:22,262 INFO [main][org.springframework.beans.factory.support.DefaultListableBeanFactory:555] - Pre-instantiating singletons in org.springframework.beans.factory.support.DefaultListableBeanFactory@776d4580: defining beans [dao,adminController,baseController,booksController,adminUsrService,booksService,org.springframework.context.annotation.internalConfigurationAnnotationProcessor,org.springframework.context.annotation.internalAutowiredAnnotationProcessor,org.springframework.context.annotation.internalRequiredAnnotationProcessor,org.springframework.context.annotation.internalCommonAnnotationProcessor,org.springframework.context.annotation.internalPersistenceAnnotationProcessor,org.springframework.web.servlet.mvc.annotation.DefaultAnnotationHandlerMapping#0,org.springframework.format.support.FormattingConversionServiceFactoryBean#0,org.springframework.web.servlet.mvc.annotation.AnnotationMethodHandlerAdapter#0,org.springframework.web.servlet.handler.MappedInterceptor#0,org.springframework.web.servlet.mvc.HttpRequestHandlerAdapter,org.springframework.web.servlet.resource.DefaultServletHttpRequestHandler#0,org.springframework.web.servlet.handler.SimpleUrlHandlerMapping#0,org.springframework.web.servlet.view.InternalResourceViewResolver#0]; parent: org.springframework.beans.factory.support.DefaultListableBeanFactory@75af6511
2014-05-25 01:10:22,435 INFO [main][org.springframework.web.servlet.mvc.annotation.DefaultAnnotationHandlerMapping:411] - Mapped URL path [/lms/admin/index] onto handler 'adminController'
2014-05-25 01:10:22,436 INFO [main][org.springframework.web.servlet.mvc.annotation.DefaultAnnotationHandlerMapping:411] - Mapped URL path [/lms/admin/index.*] onto handler 'adminController'
2014-05-25 01:10:22,437 INFO [main][org.springframework.web.servlet.mvc.annotation.DefaultAnnotationHandlerMapping:411] - Mapped URL path [/lms/admin/index/] onto handler 'adminController'
2014-05-25 01:10:22,438 INFO [main][org.springframework.web.servlet.mvc.annotation.DefaultAnnotationHandlerMapping:411] - Mapped URL path [/lms/admin/download] onto handler 'adminController'
2014-05-25 01:10:22,438 INFO [main][org.springframework.web.servlet.mvc.annotation.DefaultAnnotationHandlerMapping:411] - Mapped URL path [/lms/admin/download.*] onto handler 'adminController'
2014-05-25 01:10:22,439 INFO [main][org.springframework.web.servlet.mvc.annotation.DefaultAnnotationHandlerMapping:411] - Mapped URL path [/lms/admin/download/] onto handler 'adminController'
2014-05-25 01:10:22,440 INFO [main][org.springframework.web.servlet.mvc.annotation.DefaultAnnotationHandlerMapping:411] - Mapped URL path [/lms/admin/list] onto handler 'adminController'
2014-05-25 01:10:22,442 INFO [main][org.springframework.web.servlet.mvc.annotation.DefaultAnnotationHandlerMapping:411] - Mapped URL path [/lms/admin/list.*] onto handler 'adminController'
2014-05-25 01:10:22,443 INFO [main][org.springframework.web.servlet.mvc.annotation.DefaultAnnotationHandlerMapping:411] - Mapped URL path [/lms/admin/list/] onto handler 'adminController'
2014-05-25 01:10:22,445 INFO [main][org.springframework.web.servlet.mvc.annotation.DefaultAnnotationHandlerMapping:411] - Mapped URL path [/lms/admin/show] onto handler 'adminController'
2014-05-25 01:10:22,446 INFO [main][org.springframework.web.servlet.mvc.annotation.DefaultAnnotationHandlerMapping:411] - Mapped URL path [/lms/admin/show.*] onto handler 'adminController'
2014-05-25 01:10:22,447 INFO [main][org.springframework.web.servlet.mvc.annotation.DefaultAnnotationHandlerMapping:411] - Mapped URL path [/lms/admin/show/] onto handler 'adminController'
2014-05-25 01:10:22,448 INFO [main][org.springframework.web.servlet.mvc.annotation.DefaultAnnotationHandlerMapping:411] - Mapped URL path [/lms/admin/add/question] onto handler 'adminController'
2014-05-25 01:10:22,448 INFO [main][org.springframework.web.servlet.mvc.annotation.DefaultAnnotationHandlerMapping:411] - Mapped URL path [/lms/admin/add/question.*] onto handler 'adminController'
2014-05-25 01:10:22,449 INFO [main][org.springframework.web.servlet.mvc.annotation.DefaultAnnotationHandlerMapping:411] - Mapped URL path [/lms/admin/add/question/] onto handler 'adminController'
2014-05-25 01:10:22,450 INFO [main][org.springframework.web.servlet.mvc.annotation.DefaultAnnotationHandlerMapping:411] - Mapped URL path [/lms/admin/delete] onto handler 'adminController'
2014-05-25 01:10:22,451 INFO [main][org.springframework.web.servlet.mvc.annotation.DefaultAnnotationHandlerMapping:411] - Mapped URL path [/lms/admin/delete.*] onto handler 'adminController'
2014-05-25 01:10:22,452 INFO [main][org.springframework.web.servlet.mvc.annotation.DefaultAnnotationHandlerMapping:411] - Mapped URL path [/lms/admin/delete/] onto handler 'adminController'
2014-05-25 01:10:22,454 INFO [main][org.springframework.web.servlet.mvc.annotation.DefaultAnnotationHandlerMapping:411] - Mapped URL path [/lms/admin/login] onto handler 'adminController'
2014-05-25 01:10:22,455 INFO [main][org.springframework.web.servlet.mvc.annotation.DefaultAnnotationHandlerMapping:411] - Mapped URL path [/lms/admin/login.*] onto handler 'adminController'
2014-05-25 01:10:22,456 INFO [main][org.springframework.web.servlet.mvc.annotation.DefaultAnnotationHandlerMapping:411] - Mapped URL path [/lms/admin/login/] onto handler 'adminController'
2014-05-25 01:10:22,467 INFO [main][org.springframework.web.servlet.mvc.annotation.DefaultAnnotationHandlerMapping:411] - Mapped URL path [/lms/base/login] onto handler 'baseController'
2014-05-25 01:10:22,468 INFO [main][org.springframework.web.servlet.mvc.annotation.DefaultAnnotationHandlerMapping:411] - Mapped URL path [/lms/base/login.*] onto handler 'baseController'
2014-05-25 01:10:22,469 INFO [main][org.springframework.web.servlet.mvc.annotation.DefaultAnnotationHandlerMapping:411] - Mapped URL path [/lms/base/login/] onto handler 'baseController'
2014-05-25 01:10:22,487 INFO [main][org.springframework.web.servlet.mvc.annotation.DefaultAnnotationHandlerMapping:411] - Mapped URL path [/lms/books/add] onto handler 'booksController'
2014-05-25 01:10:22,489 INFO [main][org.springframework.web.servlet.mvc.annotation.DefaultAnnotationHandlerMapping:411] - Mapped URL path [/lms/books/add.*] onto handler 'booksController'
2014-05-25 01:10:22,489 INFO [main][org.springframework.web.servlet.mvc.annotation.DefaultAnnotationHandlerMapping:411] - Mapped URL path [/lms/books/add/] onto handler 'booksController'
2014-05-25 01:10:22,490 INFO [main][org.springframework.web.servlet.mvc.annotation.DefaultAnnotationHandlerMapping:411] - Mapped URL path [/lms/books/index] onto handler 'booksController'
2014-05-25 01:10:22,491 INFO [main][org.springframework.web.servlet.mvc.annotation.DefaultAnnotationHandlerMapping:411] - Mapped URL path [/lms/books/index.*] onto handler 'booksController'
2014-05-25 01:10:22,492 INFO [main][org.springframework.web.servlet.mvc.annotation.DefaultAnnotationHandlerMapping:411] - Mapped URL path [/lms/books/index/] onto handler 'booksController'
2014-05-25 01:10:22,493 INFO [main][org.springframework.web.servlet.mvc.annotation.DefaultAnnotationHandlerMapping:411] - Mapped URL path [/lms/books/mod] onto handler 'booksController'
2014-05-25 01:10:22,558 INFO [main][org.springframework.web.servlet.mvc.annotation.DefaultAnnotationHandlerMapping:411] - Mapped URL path [/lms/books/mod.*] onto handler 'booksController'
2014-05-25 01:10:22,559 INFO [main][org.springframework.web.servlet.mvc.annotation.DefaultAnnotationHandlerMapping:411] - Mapped URL path [/lms/books/mod/] onto handler 'booksController'
2014-05-25 01:10:22,562 INFO [main][org.springframework.web.servlet.mvc.annotation.DefaultAnnotationHandlerMapping:411] - Mapped URL path [/lms/books/detail] onto handler 'booksController'
2014-05-25 01:10:22,563 INFO [main][org.springframework.web.servlet.mvc.annotation.DefaultAnnotationHandlerMapping:411] - Mapped URL path [/lms/books/detail.*] onto handler 'booksController'
2014-05-25 01:10:22,564 INFO [main][org.springframework.web.servlet.mvc.annotation.DefaultAnnotationHandlerMapping:411] - Mapped URL path [/lms/books/detail/] onto handler 'booksController'
2014-05-25 01:10:22,565 INFO [main][org.springframework.web.servlet.mvc.annotation.DefaultAnnotationHandlerMapping:411] - Mapped URL path [/lms/books/del] onto handler 'booksController'
2014-05-25 01:10:22,566 INFO [main][org.springframework.web.servlet.mvc.annotation.DefaultAnnotationHandlerMapping:411] - Mapped URL path [/lms/books/del.*] onto handler 'booksController'
2014-05-25 01:10:22,566 INFO [main][org.springframework.web.servlet.mvc.annotation.DefaultAnnotationHandlerMapping:411] - Mapped URL path [/lms/books/del/] onto handler 'booksController'
2014-05-25 01:10:22,567 INFO [main][org.springframework.web.servlet.mvc.annotation.DefaultAnnotationHandlerMapping:411] - Mapped URL path [/lms/books/list] onto handler 'booksController'
2014-05-25 01:10:22,568 INFO [main][org.springframework.web.servlet.mvc.annotation.DefaultAnnotationHandlerMapping:411] - Mapped URL path [/lms/books/list.*] onto handler 'booksController'
2014-05-25 01:10:22,569 INFO [main][org.springframework.web.servlet.mvc.annotation.DefaultAnnotationHandlerMapping:411] - Mapped URL path [/lms/books/list/] onto handler 'booksController'
2014-05-25 01:10:22,570 INFO [main][org.springframework.web.servlet.mvc.annotation.DefaultAnnotationHandlerMapping:411] - Mapped URL path [/lms/books/login] onto handler 'booksController'
2014-05-25 01:10:22,571 INFO [main][org.springframework.web.servlet.mvc.annotation.DefaultAnnotationHandlerMapping:411] - Mapped URL path [/lms/books/login.*] onto handler 'booksController'
2014-05-25 01:10:22,571 INFO [main][org.springframework.web.servlet.mvc.annotation.DefaultAnnotationHandlerMapping:411] - Mapped URL path [/lms/books/login/] onto handler 'booksController'
2014-05-25 01:10:22,652 INFO [main][org.springframework.web.servlet.handler.SimpleUrlHandlerMapping:411] - Mapped URL path [/**] onto handler 'org.springframework.web.servlet.resource.DefaultServletHttpRequestHandler#0'
2014-05-25 01:10:22,832 INFO [main][org.springframework.web.servlet.DispatcherServlet:320] - FrameworkServlet 'lms': initialization completed in 1075 ms
2014-05-25 01:10:44,367 INFO [2097993432@qtp-2055760933-7][cc.luole.sns.dal.dao.util.CacheHelper:94] - Warn : The cache for region get_adminusr_by_email cann't found
2014-05-25 01:10:44,387 INFO [2097993432@qtp-2055760933-7][cc.luole.sns.dal.config.GroupConfig:161] - g1 slave name don't set! please check group.xml file
2014-05-25 01:10:45,012 WARN [2097993432@qtp-2055760933-7][DalPerformance:696] - method: getMapping region: get_adminusr_by_email size: 1 time: 644
2014-05-25 01:10:45,013 INFO [2097993432@qtp-2055760933-7][cc.luole.sns.dal.dao.util.CacheHelper:94] - Warn : The cache for region com.yswsoft.lms.core.model.AdminUsr cann't found
2014-05-25 01:10:45,056 WARN [2097993432@qtp-2055760933-7][DalPerformance:529] - method: get region: com.yswsoft.lms.core.model.AdminUsr params: 1 time: 42
2014-05-25 01:10:45,057 WARN [2097993432@qtp-2055760933-7][DalPerformance:458] - method: get region: com.yswsoft.lms.core.model.AdminUsr params: 1 time: 44
2014-05-25 01:13:20,129 INFO [1147684915@qtp-2055760933-6][cc.luole.sns.dal.dao.util.CacheHelper:94] - Warn : The cache for region get_books_page cann't found
2014-05-25 01:13:20,149 WARN [1147684915@qtp-2055760933-6][DalPerformance:480] - method: count region: get_books_page params: 0- time: 17
2014-05-25 01:13:20,150 INFO [1147684915@qtp-2055760933-6][cc.luole.sns.dal.dao.util.CacheHelper:94] - Warn : The cache for region get_books_page cann't found
2014-05-25 01:13:20,154 INFO [1147684915@qtp-2055760933-6][cc.luole.sns.dal.dao.util.CacheHelper:94] - Warn : The cache for region com.yswsoft.lms.core.model.Books cann't found
2014-05-25 01:14:02,133 INFO [1147684915@qtp-2055760933-6][cc.luole.sns.dal.dao.util.CacheHelper:94] - Warn : The cache for region get_books_page cann't found
2014-05-25 01:14:02,142 INFO [1147684915@qtp-2055760933-6][cc.luole.sns.dal.dao.util.CacheHelper:94] - Warn : The cache for region get_books_page cann't found
2014-05-25 01:14:02,145 INFO [1147684915@qtp-2055760933-6][cc.luole.sns.dal.dao.util.CacheHelper:94] - Warn : The cache for region com.yswsoft.lms.core.model.Books cann't found
2014-05-25 01:14:22,183 INFO [1452099428@qtp-2055760933-3][cc.luole.sns.dal.dao.util.CacheHelper:94] - Warn : The cache for region get_books_page cann't found
2014-05-25 01:14:22,186 INFO [1452099428@qtp-2055760933-3][cc.luole.sns.dal.dao.util.CacheHelper:94] - Warn : The cache for region get_books_page cann't found
2014-05-25 01:14:22,190 INFO [1452099428@qtp-2055760933-3][cc.luole.sns.dal.dao.util.CacheHelper:94] - Warn : The cache for region com.yswsoft.lms.core.model.Books cann't found
2014-05-25 01:14:22,212 WARN [1452099428@qtp-2055760933-3][DalPerformance:1006] - method: getList region: com.yswsoft.lms.core.model.Books size: 6 time: 22
2014-05-25 01:14:33,150 INFO [1147684915@qtp-2055760933-6][cc.luole.sns.dal.dao.util.CacheHelper:94] - Warn : The cache for region get_books_page cann't found
2014-05-25 01:14:33,153 INFO [1147684915@qtp-2055760933-6][cc.luole.sns.dal.dao.util.CacheHelper:94] - Warn : The cache for region get_books_page cann't found
2014-05-25 01:14:33,155 INFO [1147684915@qtp-2055760933-6][cc.luole.sns.dal.dao.util.CacheHelper:94] - Warn : The cache for region com.yswsoft.lms.core.model.Books cann't found
2014-05-25 01:14:39,092 INFO [1147684915@qtp-2055760933-6][cc.luole.sns.dal.dao.util.CacheHelper:94] - Warn : The cache for region get_books_page cann't found
2014-05-25 01:14:39,094 INFO [1147684915@qtp-2055760933-6][cc.luole.sns.dal.dao.util.CacheHelper:94] - Warn : The cache for region get_books_page cann't found
2014-05-25 01:14:39,096 INFO [1147684915@qtp-2055760933-6][cc.luole.sns.dal.dao.util.CacheHelper:94] - Warn : The cache for region com.yswsoft.lms.core.model.Books cann't found
2014-05-25 01:16:42,486 INFO [1452099428@qtp-2055760933-3][cc.luole.sns.dal.dao.util.CacheHelper:94] - Warn : The cache for region get_books_page cann't found
2014-05-25 01:16:42,489 INFO [1452099428@qtp-2055760933-3][cc.luole.sns.dal.dao.util.CacheHelper:94] - Warn : The cache for region get_books_page cann't found
2014-05-25 01:16:42,540 WARN [1452099428@qtp-2055760933-3][DalPerformance:568] - method: getIdList region: get_books_page params: 0- time: 16 start :0 count :10
 sql: select id from lms_sys_books where status= ?
2014-05-25 01:16:42,540 INFO [1452099428@qtp-2055760933-3][cc.luole.sns.dal.dao.util.CacheHelper:94] - Warn : The cache for region com.yswsoft.lms.core.model.Books cann't found
2014-05-25 01:16:47,866 INFO [1180028295@qtp-2055760933-13][cc.luole.sns.dal.dao.util.CacheHelper:94] - Warn : The cache for region get_books_page cann't found
2014-05-25 01:16:47,954 WARN [1180028295@qtp-2055760933-13][DalPerformance:480] - method: count region: get_books_page params: 0- time: 79
2014-05-25 01:16:47,954 INFO [1180028295@qtp-2055760933-13][cc.luole.sns.dal.dao.util.CacheHelper:94] - Warn : The cache for region get_books_page cann't found
2014-05-25 01:16:47,966 INFO [1180028295@qtp-2055760933-13][cc.luole.sns.dal.dao.util.CacheHelper:94] - Warn : The cache for region com.yswsoft.lms.core.model.Books cann't found
2014-05-25 01:16:55,282 INFO [1180028295@qtp-2055760933-13][cc.luole.sns.dal.dao.util.CacheHelper:94] - Warn : The cache for region get_books_page cann't found
2014-05-25 01:16:55,319 WARN [1180028295@qtp-2055760933-13][DalPerformance:480] - method: count region: get_books_page params: 0- time: 36
2014-05-25 01:16:55,320 INFO [1180028295@qtp-2055760933-13][cc.luole.sns.dal.dao.util.CacheHelper:94] - Warn : The cache for region get_books_page cann't found
2014-05-25 01:16:55,324 INFO [1180028295@qtp-2055760933-13][cc.luole.sns.dal.dao.util.CacheHelper:94] - Warn : The cache for region com.yswsoft.lms.core.model.Books cann't found
2014-05-25 01:16:58,263 INFO [980908745@qtp-2055760933-10][cc.luole.sns.dal.dao.util.CacheHelper:94] - Warn : The cache for region get_books_page cann't found
2014-05-25 01:16:58,266 INFO [980908745@qtp-2055760933-10][cc.luole.sns.dal.dao.util.CacheHelper:94] - Warn : The cache for region get_books_page cann't found
2014-05-25 01:16:58,268 INFO [980908745@qtp-2055760933-10][cc.luole.sns.dal.dao.util.CacheHelper:94] - Warn : The cache for region com.yswsoft.lms.core.model.Books cann't found
2014-05-25 01:17:03,922 INFO [1180028295@qtp-2055760933-13][cc.luole.sns.dal.dao.util.CacheHelper:94] - Warn : The cache for region get_books_page cann't found
2014-05-25 01:17:03,925 INFO [1180028295@qtp-2055760933-13][cc.luole.sns.dal.dao.util.CacheHelper:94] - Warn : The cache for region get_books_page cann't found
2014-05-25 01:17:03,927 INFO [1180028295@qtp-2055760933-13][cc.luole.sns.dal.dao.util.CacheHelper:94] - Warn : The cache for region com.yswsoft.lms.core.model.Books cann't found
2014-05-25 01:17:53,321 INFO [980908745@qtp-2055760933-10][cc.luole.sns.dal.dao.util.CacheHelper:94] - Warn : The cache for region get_books_page cann't found
2014-05-25 01:17:53,324 INFO [980908745@qtp-2055760933-10][cc.luole.sns.dal.dao.util.CacheHelper:94] - Warn : The cache for region get_books_page cann't found
2014-05-25 01:17:53,327 INFO [980908745@qtp-2055760933-10][cc.luole.sns.dal.dao.util.CacheHelper:94] - Warn : The cache for region com.yswsoft.lms.core.model.Books cann't found
2014-05-25 01:18:57,141 INFO [980908745@qtp-2055760933-10][cc.luole.sns.dal.dao.util.CacheHelper:94] - Warn : The cache for region get_books_page cann't found
2014-05-25 01:18:57,144 INFO [980908745@qtp-2055760933-10][cc.luole.sns.dal.dao.util.CacheHelper:94] - Warn : The cache for region get_books_page cann't found
2014-05-25 01:18:57,147 INFO [980908745@qtp-2055760933-10][cc.luole.sns.dal.dao.util.CacheHelper:94] - Warn : The cache for region com.yswsoft.lms.core.model.Books cann't found
2014-05-25 01:20:02,908 INFO [1180028295@qtp-2055760933-13][cc.luole.sns.dal.dao.util.CacheHelper:94] - Warn : The cache for region get_books_page cann't found
2014-05-25 01:20:02,916 INFO [1180028295@qtp-2055760933-13][cc.luole.sns.dal.dao.util.CacheHelper:94] - Warn : The cache for region get_books_page cann't found
2014-05-25 01:20:02,933 INFO [1180028295@qtp-2055760933-13][cc.luole.sns.dal.dao.util.CacheHelper:94] - Warn : The cache for region com.yswsoft.lms.core.model.Books cann't found
2014-05-25 01:23:54,626 INFO [666165405@qtp-2055760933-18][cc.luole.sns.dal.dao.util.CacheHelper:94] - Warn : The cache for region get_books_page cann't found
2014-05-25 01:23:54,630 INFO [666165405@qtp-2055760933-18][cc.luole.sns.dal.dao.util.CacheHelper:94] - Warn : The cache for region get_books_page cann't found
2014-05-25 01:23:54,633 INFO [666165405@qtp-2055760933-18][cc.luole.sns.dal.dao.util.CacheHelper:94] - Warn : The cache for region com.yswsoft.lms.core.model.Books cann't found
2014-05-25 01:25:13,239 INFO [1180028295@qtp-2055760933-13][cc.luole.sns.dal.dao.util.CacheHelper:94] - Warn : The cache for region get_books_page cann't found
2014-05-25 01:25:13,242 INFO [1180028295@qtp-2055760933-13][cc.luole.sns.dal.dao.util.CacheHelper:94] - Warn : The cache for region get_books_page cann't found
2014-05-25 01:25:13,245 INFO [1180028295@qtp-2055760933-13][cc.luole.sns.dal.dao.util.CacheHelper:94] - Warn : The cache for region com.yswsoft.lms.core.model.Books cann't found
2014-05-25 01:25:43,190 INFO [1439995491@qtp-2055760933-16][cc.luole.sns.dal.dao.util.CacheHelper:94] - Warn : The cache for region get_books_page cann't found
2014-05-25 01:25:43,204 INFO [1439995491@qtp-2055760933-16][cc.luole.sns.dal.dao.util.CacheHelper:94] - Warn : The cache for region get_books_page cann't found
2014-05-25 01:25:43,213 INFO [1439995491@qtp-2055760933-16][cc.luole.sns.dal.dao.util.CacheHelper:94] - Warn : The cache for region com.yswsoft.lms.core.model.Books cann't found
2014-05-25 01:25:43,247 WARN [1439995491@qtp-2055760933-16][DalPerformance:1006] - method: getList region: com.yswsoft.lms.core.model.Books size: 10 time: 34
2014-05-25 01:27:40,911 INFO [664969789@qtp-2055760933-11][cc.luole.sns.dal.dao.util.CacheHelper:94] - Warn : The cache for region get_books_page cann't found
2014-05-25 01:27:40,915 INFO [664969789@qtp-2055760933-11][cc.luole.sns.dal.dao.util.CacheHelper:94] - Warn : The cache for region get_books_page cann't found
2014-05-25 01:27:40,918 INFO [664969789@qtp-2055760933-11][cc.luole.sns.dal.dao.util.CacheHelper:94] - Warn : The cache for region com.yswsoft.lms.core.model.Books cann't found
